<?xml version="1.0" encoding="UTF-8"?>
<testng-results skipped="0" failed="0" total="1" passed="1">
  <reporter-output>
  </reporter-output>
  <suite name="Default suite" duration-ms="9749" started-at="2020-06-30T14:25:50Z" finished-at="2020-06-30T14:25:59Z">
    <groups>
    </groups>
    <test name="Default test" duration-ms="9749" started-at="2020-06-30T14:25:50Z" finished-at="2020-06-30T14:25:59Z">
      <class name="com.testCases.TC_08_GoogleTitleTest">
        <test-method status="PASS" signature="titleTest()[pri:0, instance:com.testCases.TC_08_GoogleTitleTest@6b71769e]" name="titleTest" duration-ms="9733" started-at="2020-06-30T19:55:50Z" finished-at="2020-06-30T19:55:59Z">
          <reporter-output>
          </reporter-output>
        </test-method> <!-- titleTest -->
      </class> <!-- com.testCases.TC_08_GoogleTitleTest -->
    </test> <!-- Default test -->
  </suite> <!-- Default suite -->
</testng-results>
